<?xml version="1.0" encoding="UTF-8"?>
<!-- Generated by org.testng.reporters.JUnitReportReporter -->
<testsuite skipped="0" hostname="BOOPATHI-PC" name="org.facebook.Facebook" tests="3" failures="0" timestamp="2021-07-12T18:13:44 IST" time="18.603" errors="0">
  <testcase name="test2" time="0.391" classname="org.facebook.Facebook"/>
  <system-out/>
  <testcase name="driver" time="17.919" classname="org.facebook.Facebook"/>
  <system-out/>
  <testcase name="testCase" time="0.293" classname="org.facebook.Facebook"/>
  <system-out/>
</testsuite> <!-- org.facebook.Facebook -->
