<?xml version="1.0" encoding="UTF-8"?>
<!-- Generated by org.testng.reporters.JUnitReportReporter -->
<testsuite skipped="0" hostname="BOOPATHI-PC" name="org.sample.Test1" tests="4" failures="0" timestamp="2021-07-12T16:35:19 IST" time="0.026" errors="0">
  <testcase name="tc3" time="0.018" classname="org.sample.Test1"/>
  <system-out/>
  <testcase name="tc2" time="0.002" classname="org.sample.Test1"/>
  <system-out/>
  <testcase name="tc0" time="0.003" classname="org.sample.Test1"/>
  <system-out/>
  <testcase name="tc1" time="0.003" classname="org.sample.Test1"/>
  <system-out/>
</testsuite> <!-- org.sample.Test1 -->
