<?xml version="1.0" encoding="UTF-8"?>
<!-- Generated by org.testng.reporters.JUnitReportReporter -->
<testsuite skipped="0" hostname="BOOPATHI-PC" name="Task.Task2" tests="1" failures="0" timestamp="2021-07-24T23:34:28 IST" time="55.297" errors="0">
  <testcase name="tc1" time="55.297" classname="Task.Task2"/>
  <system-out/>
</testsuite> <!-- Task.Task2 -->
