<?xml version="1.0" encoding="UTF-8"?>
<!-- Generated by org.testng.reporters.JUnitReportReporter -->
<testsuite skipped="0" hostname="BOOPATHI-PC" name="org.parallelexecution.Test2" tests="4" failures="0" timestamp="2021-07-20T18:48:57 IST" time="0.103" errors="0">
  <testcase name="tc05" time="0.026" classname="org.parallelexecution.Test2"/>
  <system-out/>
  <testcase name="tc8" time="0.027" classname="org.parallelexecution.Test2"/>
  <system-out/>
  <testcase name="tc7" time="0.025" classname="org.parallelexecution.Test2"/>
  <system-out/>
  <testcase name="tc6" time="0.025" classname="org.parallelexecution.Test2"/>
  <system-out/>
</testsuite> <!-- org.parallelexecution.Test2 -->
