<?xml version="1.0" encoding="UTF-8"?>
<!-- Generated by org.testng.reporters.JUnitReportReporter -->
<testsuite skipped="0" hostname="BOOPATHI-PC" name="org.parallelexecution.Test3" tests="4" failures="0" timestamp="2021-07-20T18:48:57 IST" time="0.046" errors="0">
  <testcase name="tc11" time="0.003" classname="org.parallelexecution.Test3"/>
  <system-out/>
  <testcase name="tc9" time="0.010" classname="org.parallelexecution.Test3"/>
  <system-out/>
  <testcase name="tc10" time="0.005" classname="org.parallelexecution.Test3"/>
  <system-out/>
  <testcase name="tc12" time="0.028" classname="org.parallelexecution.Test3"/>
  <system-out/>
</testsuite> <!-- org.parallelexecution.Test3 -->
