<?xml version="1.0" encoding="UTF-8"?>
<!-- Generated by org.testng.reporters.JUnitReportReporter -->
<testsuite skipped="1" hostname="BOOPATHI-PC" name="org.sample.Test2" tests="8" failures="0" timestamp="2021-07-13T18:11:14 IST" time="0.045" errors="0">
  <testcase name="tc6" time="0.003" classname="org.sample.Test2"/>
  <system-out/>
  <testcase name="tc6" time="0.004" classname="org.sample.Test2"/>
  <system-out/>
  <testcase name="tc6" time="0.003" classname="org.sample.Test2"/>
  <system-out/>
  <testcase name="tc6" time="0.007" classname="org.sample.Test2"/>
  <system-out/>
  <testcase name="tc6" time="0.019" classname="org.sample.Test2"/>
  <system-out/>
  <testcase name="tc8" time="0.005" classname="org.sample.Test2"/>
  <system-out/>
  <testcase name="tc5" time="0.004" classname="org.sample.Test2"/>
  <system-out/>
  <testcase name="tc7" classname="org.sample.Test2">
    <skipped/>
  </testcase> <!-- tc7 -->
  <system-out/>
</testsuite> <!-- org.sample.Test2 -->
