<?xml version="1.0" encoding="UTF-8"?>
<!-- Generated by org.testng.reporters.JUnitReportReporter -->
<testsuite skipped="0" hostname="BOOPATHI-PC" name="org.sample.Test3" tests="6" failures="0" timestamp="2021-07-12T16:35:19 IST" time="0.031" errors="0">
  <testcase name="tc12" time="0.003" classname="org.sample.Test3"/>
  <system-out/>
  <testcase name="tc9" time="0.016" classname="org.sample.Test3"/>
  <system-out/>
  <testcase name="tc10" time="0.003" classname="org.sample.Test3"/>
  <system-out/>
  <testcase name="tc11" time="0.003" classname="org.sample.Test3"/>
  <system-out/>
  <testcase name="tc11" time="0.003" classname="org.sample.Test3"/>
  <system-out/>
  <testcase name="tc11" time="0.003" classname="org.sample.Test3"/>
  <system-out/>
</testsuite> <!-- org.sample.Test3 -->
