<?xml version="1.0" encoding="UTF-8"?>
<!-- Generated by org.testng.reporters.JUnitReportReporter -->
<testsuite skipped="0" hostname="BOOPATHI-PC" name="org.grouping.Grouping" tests="6" failures="0" timestamp="2021-07-17T20:36:19 IST" time="0.032" errors="0">
  <testcase name="tc5" time="0.002" classname="org.grouping.Grouping"/>
  <system-out/>
  <testcase name="tc3" time="0.004" classname="org.grouping.Grouping"/>
  <system-out/>
  <testcase name="tc2" time="0.004" classname="org.grouping.Grouping"/>
  <system-out/>
  <testcase name="tc6" time="0.003" classname="org.grouping.Grouping"/>
  <system-out/>
  <testcase name="tc1" time="0.016" classname="org.grouping.Grouping"/>
  <system-out/>
  <testcase name="tc4" time="0.003" classname="org.grouping.Grouping"/>
  <system-out/>
</testsuite> <!-- org.grouping.Grouping -->
