<?xml version="1.0" encoding="UTF-8"?>
<!-- Generated by org.testng.reporters.JUnitReportReporter -->
<testsuite skipped="0" hostname="BOOPATHI-PC" name="org.parallelexecution.Test1" tests="4" failures="0" timestamp="2021-07-20T19:26:09 IST" time="146.082" errors="0">
  <testcase name="tc3" time="0.028" classname="org.parallelexecution.Test1"/>
  <system-out/>
  <testcase name="tc0" time="33.374" classname="org.parallelexecution.Test1"/>
  <system-out/>
  <testcase name="tc1" time="69.592" classname="org.parallelexecution.Test1"/>
  <system-out/>
  <testcase name="tc2" time="43.088" classname="org.parallelexecution.Test1"/>
  <system-out/>
</testsuite> <!-- org.parallelexecution.Test1 -->
